<?xml version="1.0" encoding="UTF-8"?>
<!-- Generated by org.testng.reporters.JUnitReportReporter -->
<testsuite hostname="Dell_Inspiron" failures="0" tests="2" name="TestPages.SampleTest" time="18.860" errors="0" timestamp="2025-06-08T20:33:00 IST" skipped="0">
  <testcase classname="TestPages.SampleTest" name="testGoogleTitle" time="6.448"/>
  <testcase classname="TestPages.SampleTest" name="testAmazonTitle" time="12.412"/>
</testsuite> <!-- TestPages.SampleTest -->
